2022-09-30 12:44:28,320 [INFO] Activator:177 - 


2022-09-30 12:44:28,321 [INFO] Activator:178 - !SESSION log4j initialized
2022-09-30 12:44:29,818 [ERROR] LogOutputStream:74 - [STDERR_REDIRECT] 
2022-09-30 12:44:53,031 [ERROR] LogOutputStream:74 - [STDERR_REDIRECT] SLF4J: Failed to load class "org.slf4j.impl.StaticLoggerBinder".
2022-09-30 12:44:53,032 [ERROR] LogOutputStream:74 - [STDERR_REDIRECT] SLF4J: Defaulting to no-operation (NOP) logger implementation
2022-09-30 12:44:53,032 [ERROR] LogOutputStream:74 - [STDERR_REDIRECT] SLF4J: See http://www.slf4j.org/codes.html#StaticLoggerBinder for further details.
2022-09-30 12:46:06,865 [INFO] McuFinderGlobals:44 - Set McuFinder mode to 2 (CubeIDE integrated)
2022-09-30 12:46:09,404 [INFO] ApplicationProperties:181 - Using Application install path: /Applications/STM32CubeIDE.app/Contents/Eclipse/plugins/com.st.stm32cube.common.mx_6.6.1.202207061420
2022-09-30 12:46:09,416 [INFO] DbMcusXml:77 - Set database path to: /Applications/STM32CubeIDE.app/Contents/Eclipse/plugins/com.st.stm32cube.common.mx_6.6.1.202207061420//db//mcu/
2022-09-30 12:46:09,416 [INFO] ApiDb:269 - Set plugin database path to: /Applications/STM32CubeIDE.app/Contents/Eclipse/plugins/com.st.stm32cube.common.mx_6.6.1.202207061420//db//plugins/boardmanager/
2022-09-30 12:46:09,419 [WARN] ApiDb:254 - Overriding images path with different value:  => /Applications/STM32CubeIDE.app/Contents/Eclipse/plugins/com.st.stm32cube.common.mx_6.6.1.202207061420//db//plugins/mcufinder/images/
2022-09-30 12:46:09,437 [INFO] ApiDb:249 - Set database path to: /Users/logan/.stmcufinder/plugins/mcufinder//mcu/
2022-09-30 12:46:09,438 [INFO] DbMcusAds:124 - Set database path to: /Users/logan/.stmcufinder/plugins/mcufinder//mcu/
2022-09-30 12:46:09,441 [INFO] CrossReferenceDbSqlite:201 - Set database path to: /Users/logan/.stmcufinder/plugins/mcufinder//mcu/cs/
2022-09-30 12:46:09,549 [INFO] RulesReader:61 - Compatibility file has been processed (282 Rules)
2022-09-30 12:46:09,603 [INFO] DbMcusXml:77 - Set database path to: /Applications/STM32CubeIDE.app/Contents/Eclipse/plugins/com.st.stm32cube.common.mx_6.6.1.202207061420//db//mcu/
2022-09-30 12:46:09,603 [INFO] ApiDb:269 - Set plugin database path to: /Applications/STM32CubeIDE.app/Contents/Eclipse/plugins/com.st.stm32cube.common.mx_6.6.1.202207061420//db//plugins/boardmanager/
2022-09-30 12:46:09,604 [INFO] ApiDb:256 - Set plugin images path to: /Applications/STM32CubeIDE.app/Contents/Eclipse/plugins/com.st.stm32cube.common.mx_6.6.1.202207061420//db//plugins/mcufinder/images/
2022-09-30 12:46:09,604 [WARN] DbFile:40 - Overriding database path with different value: /Users/logan/.stmcufinder/plugins/mcufinder/ => /Users/logan/.stmcufinder/plugins/mcufinder
2022-09-30 12:46:09,604 [INFO] ApiDb:249 - Set database path to: /Users/logan/.stmcufinder/plugins/mcufinder//mcu/
2022-09-30 12:46:09,604 [WARN] DbFile:40 - Overriding database path with different value: /Users/logan/.stmcufinder/plugins/mcufinder/ => /Users/logan/.stmcufinder/plugins/mcufinder
2022-09-30 12:46:09,605 [INFO] DbMcusAds:124 - Set database path to: /Users/logan/.stmcufinder/plugins/mcufinder//mcu/
2022-09-30 12:46:09,607 [WARN] DbFile:40 - Overriding database path with different value: /Users/logan/.stmcufinder/plugins/mcufinder/ => /Users/logan/.stmcufinder/plugins/mcufinder
2022-09-30 12:46:09,607 [WARN] DbFile:40 - Overriding database path with different value: /Users/logan/.stmcufinder/plugins/mcufinder/ => /Users/logan/.stmcufinder/plugins/mcufinder
2022-09-30 12:46:09,607 [INFO] CrossReferenceDbSqlite:201 - Set database path to: /Users/logan/.stmcufinder/plugins/mcufinder//mcu/cs/
2022-09-30 12:46:09,674 [INFO] MainPanel:242 - HeapMemory: 434110464
2022-09-30 12:46:09,762 [INFO] DbMcusXml:77 - Set database path to: /Applications/STM32CubeIDE.app/Contents/Eclipse/plugins/com.st.stm32cube.common.mx_6.6.1.202207061420//db//mcu/
2022-09-30 12:46:09,762 [INFO] ApiDb:269 - Set plugin database path to: /Applications/STM32CubeIDE.app/Contents/Eclipse/plugins/com.st.stm32cube.common.mx_6.6.1.202207061420//db//plugins/boardmanager/
2022-09-30 12:46:09,762 [INFO] ApiDb:256 - Set plugin images path to: /Applications/STM32CubeIDE.app/Contents/Eclipse/plugins/com.st.stm32cube.common.mx_6.6.1.202207061420//db//plugins/mcufinder/images/
2022-09-30 12:46:09,763 [WARN] DbFile:40 - Overriding database path with different value: /Users/logan/.stmcufinder/plugins/mcufinder/ => /Users/logan/.stmcufinder/plugins/mcufinder
2022-09-30 12:46:09,763 [INFO] ApiDb:249 - Set database path to: /Users/logan/.stmcufinder/plugins/mcufinder//mcu/
2022-09-30 12:46:09,763 [WARN] DbFile:40 - Overriding database path with different value: /Users/logan/.stmcufinder/plugins/mcufinder/ => /Users/logan/.stmcufinder/plugins/mcufinder
2022-09-30 12:46:09,763 [INFO] DbMcusAds:124 - Set database path to: /Users/logan/.stmcufinder/plugins/mcufinder//mcu/
2022-09-30 12:46:09,763 [WARN] DbFile:40 - Overriding database path with different value: /Users/logan/.stmcufinder/plugins/mcufinder/ => /Users/logan/.stmcufinder/plugins/mcufinder
2022-09-30 12:46:09,764 [WARN] DbFile:40 - Overriding database path with different value: /Users/logan/.stmcufinder/plugins/mcufinder/ => /Users/logan/.stmcufinder/plugins/mcufinder
2022-09-30 12:46:09,764 [INFO] CrossReferenceDbSqlite:201 - Set database path to: /Users/logan/.stmcufinder/plugins/mcufinder//mcu/cs/
2022-09-30 12:46:09,787 [INFO] ApplicationProperties:181 - Using Application install path: /Applications/STM32CubeIDE.app/Contents/Eclipse/plugins/com.st.stm32cube.common.mx_6.6.1.202207061420
2022-09-30 12:46:09,791 [INFO] PluginManage:193 - Search for loadable plugins [exclusion list=, ]
2022-09-30 12:46:09,794 [INFO] PluginManage:307 - Check plugin analytics
2022-09-30 12:46:09,944 [INFO] AnalyticsPlugin:262 - Accepted Software Licenses: 
2022-09-30 12:46:09,947 [INFO] AnalyticsPlugin:264 - Accepted CMSIS Pack Licenses: 
2022-09-30 12:46:09,947 [INFO] AnalyticsPlugin:266 - Accepted Firmware Licenses: 
2022-09-30 12:46:09,965 [INFO] PluginManage:356 - Loaded plugin analytics (category:tool,tabindex:-1)
2022-09-30 12:46:09,966 [INFO] PluginManage:307 - Check plugin cadmodel
2022-09-30 12:46:09,980 [INFO] CADModel:65 - Init CAD model plugin
2022-09-30 12:46:09,980 [INFO] PluginManage:356 - Loaded plugin cadmodel (category:power,tabindex:5)
2022-09-30 12:46:09,981 [INFO] PluginManage:307 - Check plugin clock
2022-09-30 12:46:09,990 [INFO] PluginManage:356 - Loaded plugin clock (category:base,tabindex:2)
2022-09-30 12:46:09,990 [INFO] PluginManage:307 - Check plugin ddr
2022-09-30 12:46:09,993 [INFO] PluginManage:356 - Loaded plugin ddr (category:tool,tabindex:6)
2022-09-30 12:46:09,993 [INFO] PluginManage:307 - Check plugin filemanager
2022-09-30 12:46:10,093 [INFO] PluginManage:356 - Loaded plugin filemanager (category:base,tabindex:10)
2022-09-30 12:46:10,094 [INFO] PluginManage:307 - Check plugin ipmanager
2022-09-30 12:46:10,100 [INFO] PluginManage:356 - Loaded plugin ipmanager (category:base,tabindex:5)
2022-09-30 12:46:10,100 [INFO] PluginManage:307 - Check plugin lpbam
2022-09-30 12:46:10,106 [INFO] PluginManage:356 - Loaded plugin lpbam (category:base,tabindex:0)
2022-09-30 12:46:10,106 [INFO] PluginManage:307 - Check plugin pinoutandconfiguration
2022-09-30 12:46:10,111 [INFO] PluginManage:356 - Loaded plugin pinoutandconfiguration (category:base,tabindex:1)
2022-09-30 12:46:10,114 [INFO] PluginManage:307 - Check plugin pinoutconfig
2022-09-30 12:46:10,148 [INFO] PluginManage:356 - Loaded plugin pinoutconfig (category:base,tabindex:0)
2022-09-30 12:46:10,149 [INFO] PluginManage:307 - Check plugin power
2022-09-30 12:46:10,170 [INFO] PluginManage:356 - Loaded plugin power (category:power,tabindex:4)
2022-09-30 12:46:10,171 [INFO] PluginManage:307 - Check plugin projectmanager
2022-09-30 12:46:10,200 [INFO] PluginManage:356 - Loaded plugin projectmanager (category:projectmanager,tabindex:3)
2022-09-30 12:46:10,201 [INFO] PluginManage:307 - Check plugin thirdparty
2022-09-30 12:46:10,327 [WARN] IntegrityCheckThread:82 - waiting for thirdparty lock release [integrity check]
2022-09-30 12:46:10,328 [INFO] PluginManage:356 - Loaded plugin thirdparty (category:base,tabindex:-1)
2022-09-30 12:46:10,329 [INFO] IntegrityCheckThread:84 - entering critical section [integrity check]
2022-09-30 12:46:10,329 [INFO] PluginManage:307 - Check plugin tools
2022-09-30 12:46:10,332 [INFO] PluginManage:356 - Loaded plugin tools (category:base,tabindex:7)
2022-09-30 12:46:10,332 [INFO] PluginManage:307 - Check plugin tutovideos
2022-09-30 12:46:10,334 [INFO] ThirdPartyUpdaterWithRetryManager:70 - Updater plugin not ready yet. [1/15]
2022-09-30 12:46:10,624 [INFO] PluginManage:356 - Loaded plugin tutovideos (category:base,tabindex:-1)
2022-09-30 12:46:10,628 [INFO] PluginManage:307 - Check plugin updater
2022-09-30 12:46:10,656 [INFO] PluginManage:356 - Loaded plugin updater (category:base,tabindex:12)
2022-09-30 12:46:10,659 [INFO] PluginManage:280 - PluginManage : Loaded plugins [15]
2022-09-30 12:46:11,238 [INFO] PinOutPanel:1468 - setPackage(No Configuration,No Configuration)
2022-09-30 12:46:11,284 [INFO] CADModel:98 - CPN selected for project level
2022-09-30 12:46:11,295 [INFO] IPUIPlugin:79 - create IPUIPlugin
2022-09-30 12:46:11,295 [INFO] PluginManager:217 - loadIPPluginJar : add mdma
2022-09-30 12:46:11,299 [INFO] IPUIPlugin:79 - create IPUIPlugin
2022-09-30 12:46:11,299 [INFO] PluginManager:217 - loadIPPluginJar : add freertos
2022-09-30 12:46:11,303 [INFO] IPUIPlugin:79 - create IPUIPlugin
2022-09-30 12:46:11,303 [INFO] PluginManager:217 - loadIPPluginJar : add gic
2022-09-30 12:46:11,308 [INFO] IPUIPlugin:79 - create IPUIPlugin
2022-09-30 12:46:11,308 [INFO] PluginManager:217 - loadIPPluginJar : add adc
2022-09-30 12:46:11,310 [INFO] IPUIPlugin:79 - create IPUIPlugin
2022-09-30 12:46:11,310 [INFO] PluginManager:217 - loadIPPluginJar : add gtzc
2022-09-30 12:46:11,311 [INFO] IPUIPlugin:79 - create IPUIPlugin
2022-09-30 12:46:11,311 [INFO] PluginManager:217 - loadIPPluginJar : add quadspi
2022-09-30 12:46:11,312 [INFO] IPUIPlugin:79 - create IPUIPlugin
2022-09-30 12:46:11,312 [INFO] PluginManager:217 - loadIPPluginJar : add aes
2022-09-30 12:46:11,314 [INFO] IPUIPlugin:79 - create IPUIPlugin
2022-09-30 12:46:11,314 [INFO] PluginManager:217 - loadIPPluginJar : add pdm2pcm
2022-09-30 12:46:11,315 [INFO] IPUIPlugin:79 - create IPUIPlugin
2022-09-30 12:46:11,315 [INFO] PluginManager:217 - loadIPPluginJar : add hash
2022-09-30 12:46:11,316 [INFO] IPUIPlugin:79 - create IPUIPlugin
2022-09-30 12:46:11,316 [INFO] PluginManager:217 - loadIPPluginJar : add tim
2022-09-30 12:46:11,317 [INFO] IPUIPlugin:79 - create IPUIPlugin
2022-09-30 12:46:11,317 [INFO] PluginManager:217 - loadIPPluginJar : add tsc
2022-09-30 12:46:11,322 [INFO] IPUIPlugin:79 - create IPUIPlugin
2022-09-30 12:46:11,323 [INFO] PluginManager:217 - loadIPPluginJar : add ts
2022-09-30 12:46:11,324 [INFO] IPUIPlugin:79 - create IPUIPlugin
2022-09-30 12:46:11,324 [INFO] PluginManager:217 - loadIPPluginJar : add can
2022-09-30 12:46:11,325 [INFO] IPUIPlugin:79 - create IPUIPlugin
2022-09-30 12:46:11,325 [INFO] PluginManager:217 - loadIPPluginJar : add dma3
2022-09-30 12:46:11,326 [INFO] IPUIPlugin:79 - create IPUIPlugin
2022-09-30 12:46:11,326 [INFO] PluginManager:217 - loadIPPluginJar : add dfsdm
2022-09-30 12:46:11,375 [INFO] IPUIPlugin:79 - create IPUIPlugin
2022-09-30 12:46:11,376 [INFO] PluginManager:217 - loadIPPluginJar : add spi
2022-09-30 12:46:11,379 [INFO] IPUIPlugin:79 - create IPUIPlugin
2022-09-30 12:46:11,379 [INFO] PluginManager:217 - loadIPPluginJar : add gfxmmu
2022-09-30 12:46:11,380 [INFO] IPUIPlugin:79 - create IPUIPlugin
2022-09-30 12:46:11,380 [INFO] PluginManager:217 - loadIPPluginJar : add genericplugin
2022-09-30 12:46:11,382 [INFO] IPUIPlugin:79 - create IPUIPlugin
2022-09-30 12:46:11,382 [INFO] PluginManager:217 - loadIPPluginJar : add cryp
2022-09-30 12:46:11,384 [INFO] IPUIPlugin:79 - create IPUIPlugin
2022-09-30 12:46:11,389 [INFO] PluginManager:217 - loadIPPluginJar : add gpio
2022-09-30 12:46:11,390 [INFO] IPUIPlugin:79 - create IPUIPlugin
2022-09-30 12:46:11,390 [INFO] PluginManager:217 - loadIPPluginJar : add comp
2022-09-30 12:46:11,391 [INFO] IPUIPlugin:79 - create IPUIPlugin
2022-09-30 12:46:11,391 [INFO] PluginManager:217 - loadIPPluginJar : add tracer_emb
2022-09-30 12:46:11,393 [INFO] IPUIPlugin:79 - create IPUIPlugin
2022-09-30 12:46:11,393 [INFO] PluginManager:217 - loadIPPluginJar : add openamp
2022-09-30 12:46:11,395 [INFO] IPUIPlugin:79 - create IPUIPlugin
2022-09-30 12:46:11,396 [INFO] PluginManager:217 - loadIPPluginJar : add stm32_wpan
2022-09-30 12:46:11,400 [INFO] IPUIPlugin:79 - create IPUIPlugin
2022-09-30 12:46:11,405 [INFO] PluginManager:217 - loadIPPluginJar : add plateformsettings
2022-09-30 12:46:11,413 [INFO] IPUIPlugin:79 - create IPUIPlugin
2022-09-30 12:46:11,413 [INFO] PluginManager:217 - loadIPPluginJar : add ipddr
2022-09-30 12:46:11,415 [INFO] IPUIPlugin:79 - create IPUIPlugin
2022-09-30 12:46:11,415 [INFO] PluginManager:217 - loadIPPluginJar : add usart
2022-09-30 12:46:11,416 [INFO] IPUIPlugin:79 - create IPUIPlugin
2022-09-30 12:46:11,416 [INFO] PluginManager:217 - loadIPPluginJar : add ltdc
2022-09-30 12:46:11,418 [INFO] IPUIPlugin:79 - create IPUIPlugin
2022-09-30 12:46:11,418 [INFO] PluginManager:217 - loadIPPluginJar : add nvic
2022-09-30 12:46:11,419 [INFO] IPUIPlugin:79 - create IPUIPlugin
2022-09-30 12:46:11,419 [INFO] PluginManager:217 - loadIPPluginJar : add fatfs
2022-09-30 12:46:11,423 [INFO] IPUIPlugin:79 - create IPUIPlugin
2022-09-30 12:46:11,423 [INFO] PluginManager:217 - loadIPPluginJar : add linkedlist
2022-09-30 12:46:11,426 [INFO] IPUIPlugin:79 - create IPUIPlugin
2022-09-30 12:46:11,427 [INFO] PluginManager:217 - loadIPPluginJar : add dma
2022-09-30 12:46:11,429 [INFO] IPUIPlugin:79 - create IPUIPlugin
2022-09-30 12:46:11,429 [INFO] PluginManager:217 - loadIPPluginJar : add fmc
2022-09-30 12:46:11,430 [INFO] IPUIPlugin:79 - create IPUIPlugin
2022-09-30 12:46:11,430 [INFO] PluginManager:217 - loadIPPluginJar : add i2s
2022-09-30 12:46:11,431 [INFO] IPUIPlugin:79 - create IPUIPlugin
2022-09-30 12:46:11,431 [INFO] PluginManager:217 - loadIPPluginJar : add ucpd
2022-09-30 12:46:11,432 [INFO] IPUIPlugin:79 - create IPUIPlugin
2022-09-30 12:46:11,432 [INFO] PluginManager:217 - loadIPPluginJar : add lorawan
2022-09-30 12:46:11,433 [INFO] IPUIPlugin:79 - create IPUIPlugin
2022-09-30 12:46:11,434 [INFO] PluginManager:217 - loadIPPluginJar : add opamp
2022-09-30 12:46:11,436 [INFO] IPUIPlugin:79 - create IPUIPlugin
2022-09-30 12:46:11,436 [INFO] PluginManager:217 - loadIPPluginJar : add touchsensing
2022-09-30 12:46:11,437 [INFO] IPUIPlugin:79 - create IPUIPlugin
2022-09-30 12:46:11,437 [INFO] PluginManager:217 - loadIPPluginJar : add i2c
2022-09-30 12:46:11,439 [INFO] IPUIPlugin:79 - create IPUIPlugin
2022-09-30 12:46:11,439 [INFO] PluginManager:217 - loadIPPluginJar : add resmgrutility
2022-09-30 12:46:11,440 [INFO] IPUIPlugin:79 - create IPUIPlugin
2022-09-30 12:46:11,441 [INFO] PluginManager:217 - loadIPPluginJar : add sai
2022-09-30 12:46:11,443 [INFO] IPUIPlugin:79 - create IPUIPlugin
2022-09-30 12:46:11,443 [INFO] PluginManager:217 - loadIPPluginJar : add usbx
2022-09-30 12:46:11,748 [FATAL] Updater:301 - Updater called before beeing initialized
2022-09-30 12:46:11,892 [FATAL] Updater:301 - Updater called before beeing initialized
2022-09-30 12:46:11,976 [INFO] DbMcusAds:52 - JSON generation date=Thu Sep 30 02:55:09 EDT 2021 (1632984909247)
2022-09-30 12:46:11,983 [FATAL] Updater:301 - Updater called before beeing initialized
2022-09-30 12:46:12,049 [WARN] DetailPanel:344 - Failed to get advertising image, set to default
2022-09-30 12:46:12,190 [FATAL] Updater:301 - Updater called before beeing initialized
2022-09-30 12:46:12,196 [FATAL] Updater:301 - Updater called before beeing initialized
2022-09-30 12:46:12,197 [FATAL] Updater:301 - Updater called before beeing initialized
2022-09-30 12:46:12,197 [WARN] DetailPanel:344 - Failed to get advertising image, set to default
2022-09-30 12:46:12,201 [FATAL] Updater:301 - Updater called before beeing initialized
2022-09-30 12:46:12,408 [ERROR] Updater:1105 - MainUpdater not yet initialized. External WinMGr cannot be set.
2022-09-30 12:46:12,432 [INFO] Updater:1041 - Updater Version found : 6.6.1
2022-09-30 12:46:12,454 [INFO] ApplicationProperties:181 - Using Application install path: /Applications/STM32CubeIDE.app/Contents/Eclipse/plugins/com.st.stm32cube.common.mx_6.6.1.202207061420
2022-09-30 12:46:12,827 [INFO] MainUpdater:2768 - connection check result : 10
2022-09-30 12:46:12,828 [INFO] MainUpdater:280 - Updater Check For Update Now.
2022-09-30 12:46:12,828 [INFO] MicroXplorer:481 - Change Database Version : DB.6.0.60
2022-09-30 12:46:13,022 [INFO] CheckServerUpdateThread:119 - End of CheckServer Thread
2022-09-30 12:46:13,037 [INFO] MainUpdater:2768 - connection check result : 10
2022-09-30 12:46:13,039 [INFO] MainUpdater:2768 - connection check result : 10
2022-09-30 12:46:13,557 [WARN] PackLoader:242 - Cannot read IP mode file for STMicroelectronics.X-CUBE-GNSS1.6.0.0
2022-09-30 12:46:13,669 [WARN] PackLoader:242 - Cannot read IP mode file for STMicroelectronics.X-CUBE-AZRTOS-F4.1.1.0
2022-09-30 12:46:13,844 [WARN] PackLoader:242 - Cannot read IP mode file for STMicroelectronics.X-CUBE-AZRTOS-F7.1.1.0
2022-09-30 12:46:13,982 [WARN] PackLoader:242 - Cannot read IP mode file for STMicroelectronics.X-CUBE-BLE1.6.2.3
2022-09-30 12:46:14,127 [WARN] PackLoader:242 - Cannot read IP mode file for STMicroelectronics.X-CUBE-NFC4.2.0.4
2022-09-30 12:46:14,183 [WARN] PackLoader:242 - Cannot read IP mode file for STMicroelectronics.X-CUBE-TOF1.3.1.0
2022-09-30 12:46:14,201 [WARN] PackLoader:242 - Cannot read IP mode file for wolfSSL.I-CUBE-wolfSSL.5.5.0
2022-09-30 12:46:14,210 [WARN] PackLoader:242 - Cannot read IP mode file for STMicroelectronics.X-CUBE-NFC7.1.0.0
2022-09-30 12:46:14,449 [INFO] MicroXplorer:451 - Change Database Path : 
2022-09-30 12:46:14,450 [INFO] MicroXplorer:481 - Change Database Version : DB.6.0.60
2022-09-30 12:46:14,453 [WARN] ThirdParty:827 - waiting for thirdparty lock release [close project]
2022-09-30 12:46:14,503 [WARN] PackLoader:242 - Cannot read IP mode file for STMicroelectronics.X-CUBE-MEMS1.9.3.0
2022-09-30 12:46:14,720 [WARN] PackLoader:242 - Cannot read IP mode file for STMicroelectronics.X-CUBE-AI.7.2.0
2022-09-30 12:46:14,783 [WARN] PackLoader:242 - Cannot read IP mode file for STMicroelectronics.X-CUBE-SFXS2LP1.4.0.0
2022-09-30 12:46:14,799 [WARN] PackLoader:242 - Cannot read IP mode file for STMicroelectronics.X-CUBE-BLE2.3.3.0
2022-09-30 12:46:14,820 [WARN] PackLoader:242 - Cannot read IP mode file for STMicroelectronics.X-CUBE-DISPLAY.2.2.0
2022-09-30 12:46:14,837 [WARN] PackLoader:242 - Cannot read IP mode file for STMicroelectronics.X-CUBE-ISPU.1.0.0
2022-09-30 12:46:14,851 [WARN] PackLoader:242 - Cannot read IP mode file for RoweBots.I-CUBE-UNISONRTOS.5.5.0-4
2022-09-30 12:46:14,878 [WARN] PackLoader:242 - Cannot read IP mode file for STMicroelectronics.X-CUBE-AZRTOS-H7.2.1.0
2022-09-30 12:46:14,896 [WARN] PackLoader:242 - Cannot read IP mode file for STMicroelectronics.X-CUBE-BLEMGR.1.0.0
2022-09-30 12:46:14,905 [WARN] PackLoader:242 - Cannot read IP mode file for STMicroelectronics.X-CUBE-ALGOBUILD.1.3.0
2022-09-30 12:46:14,929 [WARN] PackLoader:242 - Cannot read IP mode file for STMicroelectronics.X-CUBE-AZRTOS-G0.1.1.0
2022-09-30 12:46:14,944 [WARN] PackLoader:242 - Cannot read IP mode file for STMicroelectronics.X-CUBE-SUBG2.5.0.0
2022-09-30 12:46:15,016 [WARN] PackLoader:242 - Cannot read IP mode file for SEGGER.I-CUBE-embOS.1.2.0
2022-09-30 12:46:15,060 [WARN] PackLoader:242 - Cannot read IP mode file for STMicroelectronics.FP-ATR-ASTRA1.1.1.1
2022-09-30 12:46:15,083 [WARN] PackLoader:242 - Cannot read IP mode file for STMicroelectronics.X-CUBE-AZRTOS-G4.1.0.0
2022-09-30 12:46:15,119 [WARN] PackLoader:242 - Cannot read IP mode file for STMicroelectronics.X-CUBE-AZRTOS-L4.1.0.0
2022-09-30 12:46:15,130 [WARN] PackLoader:242 - Cannot read IP mode file for emotas.I-CUBE-CANOPEN.1.1.2
2022-09-30 12:46:15,137 [WARN] PackLoader:242 - Cannot read IP mode file for STMicroelectronics.X-CUBE-TOUCHGFX.4.20.0
2022-09-30 12:46:15,151 [WARN] PackLoader:242 - Cannot read IP mode file for STMicroelectronics.X-CUBE-AZRTOS-WL.1.0.0
2022-09-30 12:46:15,158 [WARN] PackLoader:242 - Cannot read IP mode file for portGmbH.I-Cube-SoM-uGOAL.1.1.0
2022-09-30 12:46:15,162 [WARN] PackLoader:242 - Cannot read IP mode file for STMicroelectronics.X-CUBE-ALS.1.0.1
2022-09-30 12:46:15,190 [WARN] PackLoader:242 - Cannot read IP mode file for STMicroelectronics.X-CUBE-AZRTOS-L5.1.0.0
2022-09-30 12:46:15,201 [WARN] PackLoader:242 - Cannot read IP mode file for STMicroelectronics.X-CUBE-EEPRMA1.3.1.1
2022-09-30 12:46:15,205 [INFO] ThirdParty:929 - Integrity check success = true
2022-09-30 12:46:15,205 [INFO] IntegrityCheckThread:98 - exiting critical section [integrity check]
2022-09-30 12:46:15,205 [INFO] IntegrityCheckThread:101 - End integrity checks thread
2022-09-30 12:46:15,205 [INFO] ThirdParty:829 - entering critical section [close project]
2022-09-30 12:46:15,208 [INFO] ThirdParty:839 - exiting critical section [close project]
2022-09-30 12:46:15,223 [INFO] PinOutPanel:1468 - setPackage(No Configuration,No Configuration)
2022-09-30 12:46:15,284 [INFO] UtilMem:74 - Begin LoadConfig() Used Memory: 395426448 Bytes (434110464)
2022-09-30 12:46:15,297 [INFO] MicroXplorer:451 - Change Database Path : 
2022-09-30 12:46:15,297 [INFO] MicroXplorer:481 - Change Database Version : DB.6.0.60
2022-09-30 12:46:15,297 [INFO] OpenFileManager:307 - Change cursor
2022-09-30 12:46:15,421 [INFO] Mcu:1922 - Initializing MCU STM32F407V(E-G)Tx STM32F407VGTx STM32F407VGT6
2022-09-30 12:46:17,372 [INFO] Context:654 - Trying to add GPIOservice into a context  which must be forbidden
2022-09-30 12:46:18,231 [WARN] ApiManager:308 - Cannot register API 'Board Extension:GNSS1A1' from pack STMicroelectronics.X-CUBE-GNSS1.6.0.0: no header file found
2022-09-30 12:46:18,234 [WARN] ApiManager:308 - Cannot register API 'Board Support:Custom' from pack STMicroelectronics.X-CUBE-GNSS1.6.0.0: no header file found
2022-09-30 12:46:18,234 [WARN] ApiManager:308 - Cannot register API 'Data Exchange:lib_gnss' from pack STMicroelectronics.X-CUBE-GNSS1.6.0.0: no header file found
2022-09-30 12:46:18,251 [WARN] ApiManager:308 - Cannot register API 'Wireless:BlueNRG-MS' from pack STMicroelectronics.X-CUBE-BLE1.6.2.3: no header file found
2022-09-30 12:46:18,253 [INFO] RtosManager:488 - Registered RTOS mode: class=CMSIS, group=RTOS, mode=CMSIS_V1, owner=FREERTOS
2022-09-30 12:46:18,253 [INFO] RtosManager:488 - Registered RTOS mode: class=CMSIS, group=RTOS2, mode=CMSIS_V2, owner=FREERTOS
2022-09-30 12:46:18,253 [INFO] RtosManager:488 - Registered RTOS mode: class=RTOS, group=Core, mode=CMSIS_V1, owner=FREERTOS
2022-09-30 12:46:18,253 [INFO] RtosManager:488 - Registered RTOS mode: class=RTOS, group=Core, mode=CMSIS_V2, owner=FREERTOS
2022-09-30 12:46:18,254 [WARN] ModelIntegratedComponent:185 - Missing modes for component STMicroelectronics:FreeRTOS:0.0.1:STMicroelectronics:RTOS:FreeRTOS:Core:::10.2.0:
2022-09-30 12:46:18,262 [WARN] ApiManager:308 - Cannot register API 'Board Extension:S2868A1' from pack STMicroelectronics.X-CUBE-SUBG2.5.0.0: no header file found
2022-09-30 12:46:18,262 [WARN] ApiManager:308 - Cannot register API 'Board Extension:S2868A2' from pack STMicroelectronics.X-CUBE-SUBG2.5.0.0: no header file found
2022-09-30 12:46:18,262 [WARN] ApiManager:308 - Cannot register API 'Board Extension:S2915A1' from pack STMicroelectronics.X-CUBE-SUBG2.5.0.0: no header file found
2022-09-30 12:46:18,274 [WARN] ApiManager:308 - Cannot register API 'Board Extension:NFC04A1' from pack STMicroelectronics.X-CUBE-NFC4.2.0.4: no header file found
2022-09-30 12:46:18,285 [WARN] ModelIntegratedComponent:64 - No mode defined for component null
2022-09-30 12:46:18,286 [WARN] ModelIntegratedComponent:64 - No mode defined for component null
2022-09-30 12:46:18,286 [WARN] ModelIntegratedComponent:64 - No mode defined for component null
2022-09-30 12:46:18,287 [WARN] ModelIntegratedComponent:64 - No mode defined for component null
2022-09-30 12:46:18,287 [WARN] ModelIntegratedComponent:64 - No mode defined for component null
2022-09-30 12:46:18,287 [WARN] ModelIntegratedComponent:64 - No mode defined for component null
2022-09-30 12:46:18,287 [WARN] ModelIntegratedComponent:64 - No mode defined for component null
2022-09-30 12:46:18,287 [WARN] ModelIntegratedComponent:64 - No mode defined for component null
2022-09-30 12:46:18,287 [WARN] ModelIntegratedComponent:64 - No mode defined for component null
2022-09-30 12:46:18,287 [WARN] ModelIntegratedComponent:64 - No mode defined for component null
2022-09-30 12:46:18,287 [WARN] ModelIntegratedComponent:64 - No mode defined for component null
2022-09-30 12:46:18,287 [WARN] ModelIntegratedComponent:64 - No mode defined for component null
2022-09-30 12:46:18,288 [WARN] ModelIntegratedComponent:64 - No mode defined for component null
2022-09-30 12:46:18,288 [WARN] ModelIntegratedComponent:64 - No mode defined for component null
2022-09-30 12:46:18,288 [WARN] ModelIntegratedComponent:64 - No mode defined for component null
2022-09-30 12:46:18,288 [WARN] ModelIntegratedComponent:64 - No mode defined for component null
2022-09-30 12:46:18,288 [WARN] ModelIntegratedComponent:64 - No mode defined for component null
2022-09-30 12:46:18,288 [WARN] ModelIntegratedComponent:64 - No mode defined for component null
2022-09-30 12:46:18,288 [WARN] ModelIntegratedComponent:64 - No mode defined for component null
2022-09-30 12:46:18,288 [WARN] ModelIntegratedComponent:64 - No mode defined for component null
2022-09-30 12:46:18,288 [WARN] ModelIntegratedComponent:64 - No mode defined for component null
2022-09-30 12:46:18,288 [WARN] ModelIntegratedComponent:64 - No mode defined for component null
2022-09-30 12:46:18,288 [WARN] ModelIntegratedComponent:64 - No mode defined for component null
2022-09-30 12:46:18,288 [WARN] ModelIntegratedComponent:64 - No mode defined for component null
2022-09-30 12:46:18,288 [WARN] ModelIntegratedComponent:64 - No mode defined for component null
2022-09-30 12:46:18,288 [WARN] ModelIntegratedComponent:64 - No mode defined for component null
2022-09-30 12:46:18,288 [WARN] ModelIntegratedComponent:64 - No mode defined for component null
2022-09-30 12:46:18,288 [WARN] ModelIntegratedComponent:64 - No mode defined for component null
2022-09-30 12:46:18,288 [WARN] ModelIntegratedComponent:64 - No mode defined for component null
2022-09-30 12:46:18,288 [WARN] ModelIntegratedComponent:64 - No mode defined for component null
2022-09-30 12:46:18,289 [WARN] ModelIntegratedComponent:64 - No mode defined for component null
2022-09-30 12:46:18,289 [WARN] ModelIntegratedComponent:64 - No mode defined for component null
2022-09-30 12:46:18,289 [WARN] ModelIntegratedComponent:64 - No mode defined for component null
2022-09-30 12:46:18,291 [WARN] ApiManager:308 - Cannot register API 'Board Extension:NFC07A1' from pack STMicroelectronics.X-CUBE-NFC7.1.0.0: no header file found
2022-09-30 12:46:18,437 [WARN] ApiManager:308 - Cannot register API 'Board Extension:IKS01A3' from pack STMicroelectronics.X-CUBE-MEMS1.9.3.0: no header file found
2022-09-30 12:46:18,437 [WARN] ApiManager:308 - Cannot register API 'Board Extension:IKS01A2' from pack STMicroelectronics.X-CUBE-MEMS1.9.3.0: no header file found
2022-09-30 12:46:18,437 [WARN] ApiManager:308 - Cannot register API 'Board Extension:IKS02A1' from pack STMicroelectronics.X-CUBE-MEMS1.9.3.0: no header file found
2022-09-30 12:46:18,450 [WARN] ApiManager:308 - Cannot register API 'Board Extension:EEPRMA1' from pack STMicroelectronics.X-CUBE-EEPRMA1.3.1.1: no header file found
2022-09-30 12:46:18,450 [WARN] ApiManager:308 - Cannot register API 'Board Extension:EEPRMA2' from pack STMicroelectronics.X-CUBE-EEPRMA1.3.1.1: no header file found
2022-09-30 12:46:18,450 [WARN] ApiManager:308 - Cannot register API 'Board Extension:S2868A1' from pack STMicroelectronics.X-CUBE-SFXS2LP1.4.0.0: no header file found
2022-09-30 12:46:18,451 [WARN] ApiManager:308 - Cannot register API 'Board Extension:S2868A2' from pack STMicroelectronics.X-CUBE-SFXS2LP1.4.0.0: no header file found
2022-09-30 12:46:18,451 [WARN] ApiManager:308 - Cannot register API 'Board Extension:S2915A1' from pack STMicroelectronics.X-CUBE-SFXS2LP1.4.0.0: no header file found
2022-09-30 12:46:18,451 [WARN] ApiManager:308 - Cannot register API 'Wireless:BlueNRG-2' from pack STMicroelectronics.X-CUBE-BLE2.3.3.0: no header file found
2022-09-30 12:46:18,465 [INFO] ThirdPartyModel:289 - Start build external matchings
2022-09-30 12:46:18,655 [INFO] ThirdPartyModel:302 - End build external matchings
2022-09-30 12:46:18,686 [INFO] ImportTextPane:193 - (OptionalMessage_ERROR) IP (RCC) : Parameter (RTCHSEDivFreq_Value) has invalid value (4000000)
2022-09-30 12:46:18,964 [INFO] UtilMem:74 - End LoadConfig() Used Memory: 441459832 Bytes (528482304)
2022-09-30 12:46:19,424 [INFO] ApiDb:576 - Connected to CubeFinder SQLite database (/Users/logan/.stmcufinder/plugins/mcufinder/mcu/cube-finder-db.db)
2022-09-30 12:46:19,458 [INFO] ApiDb:663 - CubeFinder database Data Model version=2.1
2022-09-30 12:46:19,458 [INFO] ApiDb:664 - CubeFinder database Configuration version=3.0.32
2022-09-30 12:46:19,459 [INFO] ApiDb:665 - CubeFinder database generation date=2022-08-05 (1659688109)
2022-09-30 12:46:19,459 [INFO] ApiDb:666 - CubeFinder database FW Pack versions=[STM32Cube_FW_C0_V1.0.0, STM32Cube_FW_F4_V1.27.1, STM32Cube_FW_F7_V1.17.0, STM32Cube_FW_G0_V1.6.1, STM32Cube_FW_G4_V1.5.0, STM32Cube_FW_H7_V1.10.0, STM32Cube_FW_L5_V1.4.0, STM32Cube_FW_U5_V1.1.1, STM32Cube_FW_WB_V1.14.1, STM32Cube_FW_WL_V1.2.0, X-CUBE-ALGOBUILD_V1.3.0, X-CUBE-ALS_V1.0.1, X-CUBE-AZRTOS-F4_V1.1.0, X-CUBE-AZRTOS-F7_V1.1.0, X-CUBE-AZRTOS-G0_V1.1.0, X-CUBE-AZRTOS-G4_V1.0.0, X-CUBE-AZRTOS-H7_V2.1.0, X-CUBE-AZRTOS-L4_V1.0.0, X-CUBE-AZRTOS-L5_V1.0.0, X-CUBE-AZRTOS-WL_V1.0.0, X-CUBE-BLE1_V6.2.3, X-CUBE-BLE2_V3.3.0, X-CUBE-EEPRMA1_V3.1.1, X-CUBE-GNSS1_V6.0.0, X-CUBE-MEMS1_V9.1.0, X-CUBE-MEMS1_V9.3.0, X-CUBE-NFC4_V2.0.4, X-CUBE-NFC7_V1.0.0, X-CUBE-SFXS2LP1_V4.0.0, X-CUBE-SUBG2_V5.0.0]
2022-09-30 12:46:20,518 [INFO] ApiDb:239 - Found 138 in-development CPN: [B-WB1M-WPAN1, NUCLEO-C031C6, STEVAL-STWINBX1, STM320518-EVAL, STM32C0116-DK, STM32C011D6Y3TR, STM32C011D6Y6TR, STM32C011F4P3, STM32C011F4P6, STM32C011F4U3, STM32C011F4U6TR, STM32C011F6P3, STM32C011F6P6, STM32C011F6U3, STM32C011F6U6TR, STM32C011J4M3, STM32C011J4M6, STM32C011J6M3, STM32C011J6M6, STM32C0316-DK, STM32C031C4T3, STM32C031C4T6, STM32C031C4U3, STM32C031C4U6, STM32C031C6T3, STM32C031C6T6, STM32C031C6U3, STM32C031C6U6, STM32C031F4P3, STM32C031F4P6, STM32C031F6P3, STM32C031F6P6, STM32C031G4U3, STM32C031G4U6, STM32C031G6U3, STM32C031G6U6, STM32C031K4T3, STM32C031K4T6, STM32C031K4U3, STM32C031K4U6, STM32C031K6T3, STM32C031K6T6, STM32C031K6U3, STM32C031K6U6, STM32G071K8TXN, STM32G071K8UXN, STM32G081GBU6N, STM32G081KBT6N, STM32G081KBUXN, STM32G0B1CCT6N, STM32G0B1KCT6, STM32G0B1NEY6TR, STM32G0B1RCT6N, STM32G0C1CCT6, STM32G0C1CCT6N, STM32G0C1CCU6N, STM32G0C1CET6N, STM32G0C1CEU6N, STM32G0C1KCT6, STM32G0C1NEY6TR, STM32G0C1RCI6N, STM32G0C1RCT6N, STM32G0C1REI6N, STM32G0C1RET6N, STM32G0C1VCI6, STM32G0C1VEI6, STM32G471CCT6, STM32G471CCU6, STM32G471CET3, STM32G471CET6, STM32G471CEU3, STM32G471CEU6, STM32G471MCT6, STM32G471MET3, STM32G471MET6, STM32G471MEY6TR, STM32G471QCT6, STM32G471QET3, STM32G471RCT6, STM32G471RET3, STM32G471RET6, STM32G471VCH6, STM32G471VCI6, STM32G471VCT6, STM32G471VEH3, STM32G471VEH6, STM32G471VEI3, STM32G471VEI6, STM32G471VET3, STM32G471VET6, STM32G474CCT6, STM32L476VGY6PTR, STM32L4R5QGI6STR, STM32MP131AAE3, STM32MP131AAF3, STM32MP131AAG3, STM32MP131CAE3, STM32MP131CAF3, STM32MP131CAG3, STM32MP131DAE7, STM32MP131DAF7, STM32MP131DAG7, STM32MP131FAE7, STM32MP131FAF7, STM32MP131FAG7, STM32MP133AAE3, STM32MP133AAF3, STM32MP133AAG3, STM32MP133CAE3, STM32MP133CAF3, STM32MP133CAG3, STM32MP133DAE7, STM32MP133DAF7, STM32MP133DAG7, STM32MP133FAE7, STM32MP133FAF7, STM32MP133FAG7, STM32MP135AAE3, STM32MP135AAF3, STM32MP135AAG3, STM32MP135CAE3, STM32MP135CAF3, STM32MP135CAG3, STM32MP135DAE7, STM32MP135DAF7, STM32MP135DAG7, STM32MP135F-DK, STM32MP135FAE7, STM32MP135FAF7, STM32MP135FAG7, STM32U595ZJT6Q, STM32U599BJY6QTR, STM32U599NIH6Q, STM32U599NJH6Q, STM32U5A5ZJT6Q, STM32U5A9BJY6QTR, STM32U5A9NJH6Q, STM32WB1MMCH6]
2022-09-30 12:46:20,523 [INFO] DbMcus:215 - Found 3542 MCUs, 3542 are supported
2022-09-30 12:46:20,529 [INFO] ApiDb:418 - Load user favorites file /Users/logan/.stm32cubeide/favorites.mcus.txt: 0 item(s)
2022-09-30 12:46:20,531 [INFO] ApiDb:422 - User favorites MCUs=[]
2022-09-30 12:46:20,531 [INFO] DbMcus:221 - Set 0 / 0 favorites MCUs
2022-09-30 12:46:20,555 [WARN] ThirdParty:789 - waiting for thirdparty lock release [change project]
2022-09-30 12:46:20,555 [INFO] ThirdParty:791 - entering critical section [change project]
2022-09-30 12:46:20,556 [INFO] ThirdParty:981 - CMSIS Pack Vendor :RoweBots I-CUBE-UNISONRTOS 5.5.0-4
2022-09-30 12:46:20,556 [INFO] ThirdParty:981 - CMSIS Pack Vendor :STMicroelectronics X-CUBE-GNSS1 6.0.0
2022-09-30 12:46:20,556 [INFO] ThirdParty:981 - CMSIS Pack Vendor :STMicroelectronics X-CUBE-AZRTOS-H7 2.1.0
2022-09-30 12:46:20,556 [INFO] ThirdParty:981 - CMSIS Pack Vendor :STMicroelectronics USB_HOST 2.0.0
2022-09-30 12:46:20,556 [INFO] ThirdParty:981 - CMSIS Pack Vendor :STMicroelectronics X-CUBE-AZRTOS-F4 1.1.0
2022-09-30 12:46:20,556 [INFO] ThirdParty:981 - CMSIS Pack Vendor :STMicroelectronics LIBJPEG 8.0.0
2022-09-30 12:46:20,556 [INFO] ThirdParty:981 - CMSIS Pack Vendor :STMicroelectronics USB_DEVICE 3.0.0
2022-09-30 12:46:20,556 [INFO] ThirdParty:981 - CMSIS Pack Vendor :STMicroelectronics X-CUBE-BLEMGR 1.0.0
2022-09-30 12:46:20,556 [INFO] ThirdParty:981 - CMSIS Pack Vendor :STMicroelectronics X-CUBE-AZRTOS-F7 1.1.0
2022-09-30 12:46:20,556 [INFO] ThirdParty:981 - CMSIS Pack Vendor :STMicroelectronics USB_DEVICE 2.0.0
2022-09-30 12:46:20,556 [INFO] ThirdParty:981 - CMSIS Pack Vendor :STMicroelectronics X-CUBE-BLE1 6.2.3
2022-09-30 12:46:20,556 [INFO] ThirdParty:981 - CMSIS Pack Vendor :STMicroelectronics X-CUBE-ALGOBUILD 1.3.0
2022-09-30 12:46:20,556 [INFO] ThirdParty:981 - CMSIS Pack Vendor :STMicroelectronics FreeRTOS 0.0.1
2022-09-30 12:46:20,556 [INFO] ThirdParty:981 - CMSIS Pack Vendor :STMicroelectronics X-CUBE-AZRTOS-G0 1.1.0
2022-09-30 12:46:20,556 [INFO] ThirdParty:981 - CMSIS Pack Vendor :STMicroelectronics X-CUBE-SUBG2 5.0.0
2022-09-30 12:46:20,556 [INFO] ThirdParty:981 - CMSIS Pack Vendor :SEGGER I-CUBE-embOS 1.2.0
2022-09-30 12:46:20,556 [INFO] ThirdParty:981 - CMSIS Pack Vendor :STMicroelectronics STM32_WPAN 1.0.0
2022-09-30 12:46:20,556 [INFO] ThirdParty:981 - CMSIS Pack Vendor :STMicroelectronics lwIP 2.0.3
2022-09-30 12:46:20,556 [INFO] ThirdParty:981 - CMSIS Pack Vendor :STMicroelectronics X-CUBE-NFC4 2.0.4
2022-09-30 12:46:20,556 [INFO] ThirdParty:981 - CMSIS Pack Vendor :STMicroelectronics USB_HOST 1.0.0
2022-09-30 12:46:20,556 [INFO] ThirdParty:981 - CMSIS Pack Vendor :STMicroelectronics PDM2PCM 3.1.0
2022-09-30 12:46:20,556 [INFO] ThirdParty:981 - CMSIS Pack Vendor :STMicroelectronics FP-ATR-ASTRA1 1.1.1
2022-09-30 12:46:20,556 [INFO] ThirdParty:981 - CMSIS Pack Vendor :STMicroelectronics PDM2PCM 3.3.0
2022-09-30 12:46:20,556 [INFO] ThirdParty:981 - CMSIS Pack Vendor :STMicroelectronics X-CUBE-TOF1 3.1.0
2022-09-30 12:46:20,556 [INFO] ThirdParty:981 - CMSIS Pack Vendor :STMicroelectronics X-CUBE-AZRTOS-G4 1.0.0
2022-09-30 12:46:20,557 [INFO] ThirdParty:981 - CMSIS Pack Vendor :STMicroelectronics X-CUBE-AZRTOS-L4 1.0.0
2022-09-30 12:46:20,557 [INFO] ThirdParty:981 - CMSIS Pack Vendor :wolfSSL I-CUBE-wolfSSL 5.5.0
2022-09-30 12:46:20,557 [INFO] ThirdParty:981 - CMSIS Pack Vendor :STMicroelectronics HAL Drivers 0.0.0
2022-09-30 12:46:20,557 [INFO] ThirdParty:981 - CMSIS Pack Vendor :STMicroelectronics MBEDTLS 2.16.2
2022-09-30 12:46:20,557 [INFO] ThirdParty:981 - CMSIS Pack Vendor :emotas I-CUBE-CANOPEN 1.1.2
2022-09-30 12:46:20,557 [INFO] ThirdParty:981 - CMSIS Pack Vendor :STMicroelectronics X-CUBE-TOUCHGFX 4.20.0
2022-09-30 12:46:20,557 [INFO] ThirdParty:981 - CMSIS Pack Vendor :STMicroelectronics MBEDTLS 2.14.1
2022-09-30 12:46:20,557 [INFO] ThirdParty:981 - CMSIS Pack Vendor :STMicroelectronics X-CUBE-NFC7 1.0.0
2022-09-30 12:46:20,557 [INFO] ThirdParty:981 - CMSIS Pack Vendor :STMicroelectronics X-CUBE-AZRTOS-WL 1.0.0
2022-09-30 12:46:20,557 [INFO] ThirdParty:981 - CMSIS Pack Vendor :STMicroelectronics X-CUBE-MEMS1 9.3.0
2022-09-30 12:46:20,557 [INFO] ThirdParty:981 - CMSIS Pack Vendor :portGmbH I-Cube-SoM-uGOAL 1.1.0
2022-09-30 12:46:20,557 [INFO] ThirdParty:981 - CMSIS Pack Vendor :STMicroelectronics X-CUBE-ALS 1.0.1
2022-09-30 12:46:20,557 [INFO] ThirdParty:981 - CMSIS Pack Vendor :STMicroelectronics X-CUBE-AI 7.2.0
2022-09-30 12:46:20,557 [INFO] ThirdParty:981 - CMSIS Pack Vendor :STMicroelectronics ThreadX 1.0.0
2022-09-30 12:46:20,557 [INFO] ThirdParty:981 - CMSIS Pack Vendor :STMicroelectronics X-CUBE-AZRTOS-L5 1.0.0
2022-09-30 12:46:20,557 [INFO] ThirdParty:981 - CMSIS Pack Vendor :STMicroelectronics USB_DEVICE 1.0.0
2022-09-30 12:46:20,557 [INFO] ThirdParty:981 - CMSIS Pack Vendor :STMicroelectronics X-CUBE-EEPRMA1 3.1.1
2022-09-30 12:46:20,558 [INFO] ThirdParty:981 - CMSIS Pack Vendor :STMicroelectronics ThreadX 0.0.2
2022-09-30 12:46:20,558 [INFO] ThirdParty:981 - CMSIS Pack Vendor :STMicroelectronics lwIP 2.1.2
2022-09-30 12:46:20,558 [INFO] ThirdParty:981 - CMSIS Pack Vendor :STMicroelectronics X-CUBE-SFXS2LP1 4.0.0
2022-09-30 12:46:20,558 [INFO] ThirdParty:981 - CMSIS Pack Vendor :STMicroelectronics X-CUBE-BLE2 3.3.0
2022-09-30 12:46:20,558 [INFO] ThirdParty:981 - CMSIS Pack Vendor :STMicroelectronics X-CUBE-DISPLAY 2.2.0
2022-09-30 12:46:20,558 [INFO] ThirdParty:981 - CMSIS Pack Vendor :STMicroelectronics PDM2PCM 3.2.0
2022-09-30 12:46:20,558 [INFO] ThirdParty:981 - CMSIS Pack Vendor :STMicroelectronics X-CUBE-ISPU 1.0.0
2022-09-30 12:46:20,559 [INFO] ThirdParty:797 - exiting critical section [change project]
2022-09-30 12:46:21,328 [INFO] PinOutPanel:1468 - setPackage(No Configuration,No Configuration)
2022-09-30 12:46:21,333 [INFO] PinOutPanel:1468 - setPackage(STM32F407VGTx,LQFP100)
2022-09-30 12:46:22,244 [INFO] UtilMem:74 - Before build in PCC Used Memory: 454755088 Bytes (528482304)
2022-09-30 12:46:23,704 [INFO] UtilMem:74 - After build in PCC Used Memory: 434353368 Bytes (528482304)
2022-09-30 12:46:23,917 [INFO] ApiDbMcu:505 - Load IP Config File for USB_DEVICE
2022-09-30 12:46:24,025 [INFO] IPUIPlugin:79 - create IPUIPlugin
2022-09-30 12:46:24,027 [INFO] IPUIPlugin:79 - create IPUIPlugin
2022-09-30 12:46:24,028 [INFO] IPUIPlugin:79 - create IPUIPlugin
2022-09-30 12:46:24,028 [INFO] IPUIPlugin:79 - create IPUIPlugin
2022-09-30 12:46:24,028 [INFO] IPUIPlugin:79 - create IPUIPlugin
2022-09-30 12:46:24,029 [INFO] IPUIPlugin:79 - create IPUIPlugin
2022-09-30 12:46:24,030 [INFO] IPUIPlugin:79 - create IPUIPlugin
2022-09-30 12:46:24,030 [INFO] IPUIPlugin:79 - create IPUIPlugin
2022-09-30 12:46:24,031 [INFO] IPUIPlugin:79 - create IPUIPlugin
2022-09-30 12:46:24,031 [INFO] IPUIPlugin:79 - create IPUIPlugin
2022-09-30 12:46:24,031 [INFO] IPUIPlugin:79 - create IPUIPlugin
2022-09-30 12:46:24,031 [INFO] IPUIPlugin:79 - create IPUIPlugin
2022-09-30 12:46:24,031 [INFO] IPUIPlugin:79 - create IPUIPlugin
2022-09-30 12:46:24,038 [INFO] IPUIPlugin:79 - create IPUIPlugin
2022-09-30 12:46:24,039 [INFO] IPUIPlugin:79 - create IPUIPlugin
2022-09-30 12:46:24,040 [INFO] IPUIPlugin:79 - create IPUIPlugin
2022-09-30 12:46:24,040 [INFO] IPUIPlugin:79 - create IPUIPlugin
2022-09-30 12:46:24,040 [INFO] IPUIPlugin:79 - create IPUIPlugin
2022-09-30 12:46:24,040 [INFO] IPUIPlugin:79 - create IPUIPlugin
2022-09-30 12:46:24,040 [INFO] IPUIPlugin:79 - create IPUIPlugin
2022-09-30 12:46:24,040 [INFO] IPUIPlugin:79 - create IPUIPlugin
2022-09-30 12:46:24,040 [INFO] IPUIPlugin:79 - create IPUIPlugin
2022-09-30 12:46:24,041 [INFO] IPUIPlugin:79 - create IPUIPlugin
2022-09-30 12:46:24,041 [INFO] IPUIPlugin:79 - create IPUIPlugin
2022-09-30 12:46:24,041 [INFO] IPUIPlugin:79 - create IPUIPlugin
2022-09-30 12:46:24,041 [INFO] IPUIPlugin:79 - create IPUIPlugin
2022-09-30 12:46:24,041 [INFO] IPUIPlugin:79 - create IPUIPlugin
2022-09-30 12:46:24,041 [INFO] IPUIPlugin:79 - create IPUIPlugin
2022-09-30 12:46:24,041 [INFO] IPUIPlugin:79 - create IPUIPlugin
2022-09-30 12:46:24,041 [INFO] IPUIPlugin:79 - create IPUIPlugin
2022-09-30 12:46:24,041 [INFO] IPUIPlugin:79 - create IPUIPlugin
2022-09-30 12:46:24,042 [INFO] IPUIPlugin:79 - create IPUIPlugin
2022-09-30 12:46:24,042 [INFO] IPUIPlugin:79 - create IPUIPlugin
2022-09-30 12:46:24,042 [INFO] IPUIPlugin:79 - create IPUIPlugin
2022-09-30 12:46:24,077 [INFO] IPUIPlugin:79 - create IPUIPlugin
2022-09-30 12:46:24,086 [INFO] IPUIPlugin:79 - create IPUIPlugin
2022-09-30 12:46:24,087 [INFO] IPUIPlugin:79 - create IPUIPlugin
2022-09-30 12:46:24,087 [INFO] IPUIPlugin:79 - create IPUIPlugin
2022-09-30 12:46:24,088 [INFO] IPUIPlugin:79 - create IPUIPlugin
2022-09-30 12:46:24,090 [INFO] IPUIPlugin:79 - create IPUIPlugin
2022-09-30 12:46:24,091 [INFO] IPUIPlugin:79 - create IPUIPlugin
2022-09-30 12:46:24,092 [INFO] IPUIPlugin:79 - create IPUIPlugin
2022-09-30 12:46:24,092 [INFO] IPUIPlugin:79 - create IPUIPlugin
2022-09-30 12:46:24,092 [INFO] IPUIPlugin:79 - create IPUIPlugin
2022-09-30 12:46:24,093 [INFO] IPUIPlugin:79 - create IPUIPlugin
2022-09-30 12:46:24,093 [INFO] IPUIPlugin:79 - create IPUIPlugin
2022-09-30 12:46:24,093 [INFO] IPUIPlugin:79 - create IPUIPlugin
2022-09-30 12:46:24,094 [INFO] IPUIPlugin:79 - create IPUIPlugin
2022-09-30 12:46:24,095 [INFO] IPUIPlugin:79 - create IPUIPlugin
2022-09-30 12:46:24,097 [INFO] IPUIPlugin:79 - create IPUIPlugin
2022-09-30 12:46:24,097 [INFO] IPUIPlugin:79 - create IPUIPlugin
2022-09-30 12:46:24,098 [INFO] IPUIPlugin:79 - create IPUIPlugin
2022-09-30 12:46:24,098 [INFO] IPUIPlugin:79 - create IPUIPlugin
2022-09-30 12:46:24,099 [INFO] IPUIPlugin:79 - create IPUIPlugin
2022-09-30 12:46:24,106 [INFO] IPUIPlugin:79 - create IPUIPlugin
2022-09-30 12:46:24,108 [INFO] IPUIPlugin:79 - create IPUIPlugin
2022-09-30 12:46:24,109 [INFO] IPUIPlugin:79 - create IPUIPlugin
2022-09-30 12:46:24,110 [INFO] IPUIPlugin:79 - create IPUIPlugin
2022-09-30 12:46:24,192 [INFO] ApiDbMcu:505 - Load IP Config File for PDM2PCM
2022-09-30 12:46:24,223 [WARN] IP:2111 - I2C_Coeff_DF not found: check if there is a RefParameter without a condition.
2022-09-30 12:46:24,224 [WARN] IP:2111 - Analog_Filter not found: check if there is a RefParameter without a condition.
2022-09-30 12:46:24,585 [INFO] OpenFileManager:327 - Restore cursor
2022-09-30 12:46:24,751 [WARN] IP:2111 - I2C_Coeff_DF not found: check if there is a RefParameter without a condition.
2022-09-30 12:46:24,751 [WARN] IP:2111 - Analog_Filter not found: check if there is a RefParameter without a condition.
2022-09-30 12:46:24,755 [WARN] IP:2111 - I2C_Coeff_DF not found: check if there is a RefParameter without a condition.
2022-09-30 12:46:24,756 [WARN] IP:2111 - Analog_Filter not found: check if there is a RefParameter without a condition.
2022-09-30 13:20:38,375 [INFO] NvicIntPanel:100 - NVIC parent = com.st.microxplorer.plugins.ip.nvic.MultiNvicIntPanel[,0,0,0x0,invalid,layout=javax.swing.BoxLayout,alignmentX=0.0,alignmentY=0.0,border=,flags=9,maximumSize=,minimumSize=,preferredSize=]
2022-09-30 14:13:30,069 [WARN] IP:2111 - I2C_Coeff_DF not found: check if there is a RefParameter without a condition.
2022-09-30 14:13:30,074 [WARN] IP:2111 - Analog_Filter not found: check if there is a RefParameter without a condition.
2022-09-30 14:13:30,091 [WARN] IP:2111 - I2C_Coeff_DF not found: check if there is a RefParameter without a condition.
2022-09-30 14:13:30,092 [WARN] IP:2111 - Analog_Filter not found: check if there is a RefParameter without a condition.
2022-09-30 14:13:39,305 [INFO] NvicIntPanel:100 - NVIC parent = com.st.microxplorer.plugins.ip.nvic.MultiNvicIntPanel[,0,0,520x306,layout=javax.swing.BoxLayout,alignmentX=0.0,alignmentY=0.0,border=,flags=9,maximumSize=,minimumSize=,preferredSize=]
2022-09-30 15:39:36,434 [INFO] NvicIntPanel:100 - NVIC parent = com.st.microxplorer.plugins.ip.nvic.MultiNvicIntPanel[,0,0,607x214,layout=javax.swing.BoxLayout,alignmentX=0.0,alignmentY=0.0,border=,flags=9,maximumSize=,minimumSize=,preferredSize=]
2022-09-30 15:43:23,264 [WARN] IP:2111 - I2C_Coeff_DF not found: check if there is a RefParameter without a condition.
2022-09-30 15:43:23,267 [WARN] IP:2111 - Analog_Filter not found: check if there is a RefParameter without a condition.
2022-09-30 15:43:23,278 [WARN] IP:2111 - I2C_Coeff_DF not found: check if there is a RefParameter without a condition.
2022-09-30 15:43:23,278 [WARN] IP:2111 - Analog_Filter not found: check if there is a RefParameter without a condition.
2022-09-30 15:43:23,297 [INFO] NvicIntPanel:100 - NVIC parent = com.st.microxplorer.plugins.ip.nvic.MultiNvicIntPanel[,0,0,0x0,invalid,layout=javax.swing.BoxLayout,alignmentX=0.0,alignmentY=0.0,border=,flags=9,maximumSize=,minimumSize=,preferredSize=]
2022-09-30 15:43:24,757 [WARN] IP:2111 - I2C_Coeff_DF not found: check if there is a RefParameter without a condition.
2022-09-30 15:43:24,758 [WARN] IP:2111 - Analog_Filter not found: check if there is a RefParameter without a condition.
2022-09-30 15:43:24,773 [WARN] IP:2111 - I2C_Coeff_DF not found: check if there is a RefParameter without a condition.
2022-09-30 15:43:24,773 [WARN] IP:2111 - Analog_Filter not found: check if there is a RefParameter without a condition.
